#
# There is insufficient memory for the Java Runtime Environment to continue.
# Native memory allocation (malloc) failed to allocate 1545456 bytes for Chunk::new
# Possible reasons:
#   The system is out of physical RAM or swap space
#   In 32 bit mode, the process size limit was hit
# Possible solutions:
#   Reduce memory load on the system
#   Increase physical memory or swap space
#   Check if swap backing store is full
#   Use 64 bit Java on a 64 bit OS
#   Decrease Java heap size (-Xmx/-Xms)
#   Decrease number of Java threads
#   Decrease Java thread stack sizes (-Xss)
#   Set larger code cache with -XX:ReservedCodeCacheSize=
# This output file may be truncated or incomplete.
#
#  Out of Memory Error (allocation.cpp:328), pid=10708, tid=10876
#
# JRE version: 7.0_05-b05
# Java VM: Java HotSpot(TM) 64-Bit Server VM (23.1-b03 mixed mode windows-amd64 compressed oops)
# Failed to write core dump. Minidumps are not enabled by default on client versions of Windows
#

---------------  T H R E A D  ---------------

Current thread (0x0000000007dc7800):  JavaThread "C2 CompilerThread0" daemon [_thread_in_native, id=10876, stack(0x0000000008ee0000,0x0000000008fe0000)]

Stack: [0x0000000008ee0000,0x0000000008fe0000]

Current CompileTask:
C2:  40341  661             com.jme3.renderer.RenderManager::renderViewPort (329 bytes)


---------------  P R O C E S S  ---------------

Java Threads: ( => current thread )
  0x0000000007e25000 JavaThread "jME3 Audio Thread" daemon [_thread_blocked, id=10436, stack(0x0000000011d40000,0x0000000011e40000)]
  0x00000000021ed000 JavaThread "DestroyJavaVM" [_thread_blocked, id=10168, stack(0x0000000002440000,0x0000000002540000)]
  0x0000000007e3c000 JavaThread "LWJGL Renderer Thread" [_thread_in_native, id=9024, stack(0x000000000f980000,0x000000000fa80000)]
  0x00000000097e2000 JavaThread "TimerQueue" daemon [_thread_blocked, id=10924, stack(0x000000000f860000,0x000000000f960000)]
  0x0000000009707000 JavaThread "D3D Screen Updater" daemon [_thread_blocked, id=10864, stack(0x000000000e9d0000,0x000000000ead0000)]
  0x000000000951e800 JavaThread "AWT-Windows" daemon [_thread_in_native, id=6504, stack(0x00000000099f0000,0x0000000009af0000)]
  0x0000000009480800 JavaThread "Java2D Disposer" daemon [_thread_blocked, id=10760, stack(0x00000000098f0000,0x00000000099f0000)]
  0x0000000007dd9800 JavaThread "Service Thread" daemon [_thread_blocked, id=11156, stack(0x0000000009170000,0x0000000009270000)]
  0x0000000007dd5800 JavaThread "C2 CompilerThread1" daemon [_thread_blocked, id=4196, stack(0x0000000008fe0000,0x00000000090e0000)]
=>0x0000000007dc7800 JavaThread "C2 CompilerThread0" daemon [_thread_in_native, id=10876, stack(0x0000000008ee0000,0x0000000008fe0000)]
  0x0000000007dc6000 JavaThread "Attach Listener" daemon [_thread_blocked, id=9124, stack(0x0000000008d60000,0x0000000008e60000)]
  0x0000000007dc4800 JavaThread "Signal Dispatcher" daemon [_thread_blocked, id=10588, stack(0x0000000008be0000,0x0000000008ce0000)]
  0x0000000007d3f800 JavaThread "Finalizer" daemon [_thread_blocked, id=9932, stack(0x0000000008840000,0x0000000008940000)]
  0x0000000007d36800 JavaThread "Reference Handler" daemon [_thread_blocked, id=10220, stack(0x0000000008ac0000,0x0000000008bc0000)]

Other Threads:
  0x0000000007d2f800 VMThread [stack: 0x0000000008990000,0x0000000008a90000] [id=10144]
  0x0000000007de8000 WatcherThread [stack: 0x00000000092f0000,0x00000000093f0000] [id=9648]

VM state:not at safepoint (normal execution)

VM Mutex/Monitor currently owned by a thread: None

Heap
 PSYoungGen      total 165120K, used 117421K [0x00000000f0000000, 0x0000000000000000, 0x0000000000000000)
  eden space 157056K, 74% used [0x00000000f0000000,0x00000000f729b438,0x00000000f9960000)
  from space 8064K, 0% used [0x00000000f9960000,0x00000000f9970000,0x00000000fa140000)
  to   space 8192K, 0% used [0x00000000ff800000,0x00000000ff800000,0x0000000000000000)
 ParOldGen       total 32768K, used 17589K [0x00000000d0000000, 0x00000000d2000000, 0x00000000f0000000)
  object space 32768K, 53% used [0x00000000d0000000,0x00000000d112d558,0x00000000d2000000)
 PSPermGen       total 21248K, used 19724K [0x00000000cae00000, 0x00000000cc2c0000, 0x00000000d0000000)
  object space 21248K, 92% used [0x00000000cae00000,0x00000000cc143018,0x00000000cc2c0000)

Code Cache  [0x0000000002540000, 0x00000000027b0000, 0x0000000005540000)
 total_blobs=1276 nmethods=642 adapters=585 free_code_cache=47049Kb largest_free_block=48124864

Compilation events (10 events):
Event: 40.074 Thread 0x0000000007dd5800  657             com.jme3.renderer.Camera::getViewPortBottom (5 bytes)
Event: 40.074 Thread 0x0000000007dd5800 nmethod 657 0x000000000273be50 code [0x000000000273bf80, 0x000000000273bfd8]
Event: 40.074 Thread 0x0000000007dc7800 nmethod 656 0x000000000263c910 code [0x000000000263ca40, 0x000000000263ca98]
Event: 40.076 Thread 0x0000000007dd5800  658             com.jme3.renderer.Camera::getFrustumNear (5 bytes)
Event: 40.078 Thread 0x0000000007dd5800 nmethod 658 0x000000000263c710 code [0x000000000263c840, 0x000000000263c898]
Event: 40.078 Thread 0x0000000007dc7800  659             com.jme3.renderer.Camera::getFrustumFar (5 bytes)
Event: 40.078 Thread 0x0000000007dc7800 nmethod 659 0x0000000002747e50 code [0x0000000002747f80, 0x0000000002747fd8]
Event: 40.079 Thread 0x0000000007dd5800  660             com.jme3.renderer.queue.RenderQueue::isQueueEmpty (151 bytes)
Event: 40.080 Thread 0x0000000007dd5800 nmethod 660 0x00000000027479d0 code [0x0000000002747b20, 0x0000000002747c98]
Event: 40.124 Thread 0x0000000007dc7800  661             com.jme3.renderer.RenderManager::renderViewPort (329 bytes)

GC Heap History (10 events):
Event: 15.602 GC heap before
{Heap before GC invocations=7 (full 0):
 PSYoungGen      total 56448K, used 53411K [0x00000000f0000000, 0x00000000f3f20000, 0x0000000000000000)
  eden space 49152K, 100% used [0x00000000f0000000,0x00000000f3000000,0x00000000f3000000)
  from space 7296K, 58% used [0x00000000f3800000,0x00000000f3c28ca8,0x00000000f3f20000)
  to   space 7744K, 0% used [0x00000000f3000000,0x00000000f3000000,0x00000000f3790000)
 ParOldGen       total 32768K, used 13493K [0x00000000d0000000, 0x00000000d2000000, 0x00000000f0000000)
  object space 32768K, 41% used [0x00000000d0000000,0x00000000d0d2d7b8,0x00000000d2000000)
 PSPermGen       total 21248K, used 18974K [0x00000000cae00000, 0x00000000cc2c0000, 0x00000000d0000000)
  object space 21248K, 89% used [0x00000000cae00000,0x00000000cc087bc8,0x00000000cc2c0000)
Event: 15.642 GC heap after
Heap after GC invocations=7 (full 0):
 PSYoungGen      total 56896K, used 2576K [0x00000000f0000000, 0x00000000f6f40000, 0x0000000000000000)
  eden space 49152K, 0% used [0x00000000f0000000,0x00000000f0000000,0x00000000f3000000)
  from space 7744K, 33% used [0x00000000f3000000,0x00000000f3284058,0x00000000f3790000)
  to   space 7808K, 0% used [0x00000000f67a0000,0x00000000f67a0000,0x00000000f6f40000)
 ParOldGen       total 32768K, used 14627K [0x00000000d0000000, 0x00000000d2000000, 0x00000000f0000000)
  object space 32768K, 44% used [0x00000000d0000000,0x00000000d0e48c80,0x00000000d2000000)
 PSPermGen       total 21248K, used 18974K [0x00000000cae00000, 0x00000000cc2c0000, 0x00000000d0000000)
  object space 21248K, 89% used [0x00000000cae00000,0x00000000cc087bc8,0x00000000cc2c0000)
}
Event: 20.779 GC heap before
{Heap before GC invocations=8 (full 0):
 PSYoungGen      total 56896K, used 51728K [0x00000000f0000000, 0x00000000f6f40000, 0x0000000000000000)
  eden space 49152K, 100% used [0x00000000f0000000,0x00000000f3000000,0x00000000f3000000)
  from space 7744K, 33% used [0x00000000f3000000,0x00000000f3284058,0x00000000f3790000)
  to   space 7808K, 0% used [0x00000000f67a0000,0x00000000f67a0000,0x00000000f6f40000)
 ParOldGen       total 32768K, used 14627K [0x00000000d0000000, 0x00000000d2000000, 0x00000000f0000000)
  object space 32768K, 44% used [0x00000000d0000000,0x00000000d0e48c80,0x00000000d2000000)
 PSPermGen       total 21248K, used 19510K [0x00000000cae00000, 0x00000000cc2c0000, 0x00000000d0000000)
  object space 21248K, 91% used [0x00000000cae00000,0x00000000cc10d8a8,0x00000000cc2c0000)
Event: 20.790 GC heap after
Heap after GC invocations=8 (full 0):
 PSYoungGen      total 105600K, used 3362K [0x00000000f0000000, 0x00000000f6ec0000, 0x0000000000000000)
  eden space 98304K, 0% used [0x00000000f0000000,0x00000000f0000000,0x00000000f6000000)
  from space 7296K, 46% used [0x00000000f67a0000,0x00000000f6ae8b10,0x00000000f6ec0000)
  to   space 7552K, 0% used [0x00000000f6000000,0x00000000f6000000,0x00000000f6760000)
 ParOldGen       total 32768K, used 14683K [0x00000000d0000000, 0x00000000d2000000, 0x00000000f0000000)
  object space 32768K, 44% used [0x00000000d0000000,0x00000000d0e56c80,0x00000000d2000000)
 PSPermGen       total 21248K, used 19510K [0x00000000cae00000, 0x00000000cc2c0000, 0x00000000d0000000)
  object space 21248K, 91% used [0x00000000cae00000,0x00000000cc10d8a8,0x00000000cc2c0000)
}
Event: 33.420 GC heap before
{Heap before GC invocations=9 (full 0):
 PSYoungGen      total 105600K, used 101666K [0x00000000f0000000, 0x00000000f6ec0000, 0x0000000000000000)
  eden space 98304K, 100% used [0x00000000f0000000,0x00000000f6000000,0x00000000f6000000)
  from space 7296K, 46% used [0x00000000f67a0000,0x00000000f6ae8b10,0x00000000f6ec0000)
  to   space 7552K, 0% used [0x00000000f6000000,0x00000000f6000000,0x00000000f6760000)
 ParOldGen       total 32768K, used 14683K [0x00000000d0000000, 0x00000000d2000000, 0x00000000f0000000)
  object space 32768K, 44% used [0x00000000d0000000,0x00000000d0e56c80,0x00000000d2000000)
 PSPermGen       total 21248K, used 19604K [0x00000000cae00000, 0x00000000cc2c0000, 0x00000000d0000000)
  object space 21248K, 92% used [0x00000000cae00000,0x00000000cc1252d8,0x00000000cc2c0000)
Event: 33.434 GC heap after
Heap after GC invocations=9 (full 0):
 PSYoungGen      total 105856K, used 1143K [0x00000000f0000000, 0x00000000fa8e0000, 0x0000000000000000)
  eden space 98304K, 0% used [0x00000000f0000000,0x00000000f0000000,0x00000000f6000000)
  from space 7552K, 15% used [0x00000000f6000000,0x00000000f611df58,0x00000000f6760000)
  to   space 7808K, 0% used [0x00000000fa140000,0x00000000fa140000,0x00000000fa8e0000)
 ParOldGen       total 32768K, used 16478K [0x00000000d0000000, 0x00000000d2000000, 0x00000000f0000000)
  object space 32768K, 50% used [0x00000000d0000000,0x00000000d1017850,0x00000000d2000000)
 PSPermGen       total 21248K, used 19604K [0x00000000cae00000, 0x00000000cc2c0000, 0x00000000d0000000)
  object space 21248K, 92% used [0x00000000cae00000,0x00000000cc1252d8,0x00000000cc2c0000)
}
Event: 35.263 GC heap before
{Heap before GC invocations=10 (full 0):
 PSYoungGen      total 105856K, used 99447K [0x00000000f0000000, 0x00000000fa8e0000, 0x0000000000000000)
  eden space 98304K, 100% used [0x00000000f0000000,0x00000000f6000000,0x00000000f6000000)
  from space 7552K, 15% used [0x00000000f6000000,0x00000000f611df58,0x00000000f6760000)
  to   space 7808K, 0% used [0x00000000fa140000,0x00000000fa140000,0x00000000fa8e0000)
 ParOldGen       total 32768K, used 16478K [0x00000000d0000000, 0x00000000d2000000, 0x00000000f0000000)
  object space 32768K, 50% used [0x00000000d0000000,0x00000000d1017850,0x00000000d2000000)
 PSPermGen       total 21248K, used 19643K [0x00000000cae00000, 0x00000000cc2c0000, 0x00000000d0000000)
  object space 21248K, 92% used [0x00000000cae00000,0x00000000cc12eea8,0x00000000cc2c0000)
Event: 35.268 GC heap after
Heap after GC invocations=10 (full 0):
 PSYoungGen      total 164864K, used 128K [0x00000000f0000000, 0x00000000fa960000, 0x0000000000000000)
  eden space 157056K, 0% used [0x00000000f0000000,0x00000000f0000000,0x00000000f9960000)
  from space 7808K, 1% used [0x00000000fa140000,0x00000000fa160000,0x00000000fa8e0000)
  to   space 8064K, 0% used [0x00000000f9960000,0x00000000f9960000,0x00000000fa140000)
 ParOldGen       total 32768K, used 17493K [0x00000000d0000000, 0x00000000d2000000, 0x00000000f0000000)
  object space 32768K, 53% used [0x00000000d0000000,0x00000000d1115558,0x00000000d2000000)
 PSPermGen       total 21248K, used 19643K [0x00000000cae00000, 0x00000000cc2c0000, 0x00000000d0000000)
  object space 21248K, 92% used [0x00000000cae00000,0x00000000cc12eea8,0x00000000cc2c0000)
}
Event: 38.199 GC heap before
{Heap before GC invocations=11 (full 0):
 PSYoungGen      total 164864K, used 157184K [0x00000000f0000000, 0x00000000fa960000, 0x0000000000000000)
  eden space 157056K, 100% used [0x00000000f0000000,0x00000000f9960000,0x00000000f9960000)
  from space 7808K, 1% used [0x00000000fa140000,0x00000000fa160000,0x00000000fa8e0000)
  to   space 8064K, 0% used [0x00000000f9960000,0x00000000f9960000,0x00000000fa140000)
 ParOldGen       total 32768K, used 17493K [0x00000000d0000000, 0x00000000d2000000, 0x00000000f0000000)
  object space 32768K, 53% used [0x00000000d0000000,0x00000000d1115558,0x00000000d2000000)
 PSPermGen       total 21248K, used 19700K [0x00000000cae00000, 0x00000000cc2c0000, 0x00000000d0000000)
  object space 21248K, 92% used [0x00000000cae00000,0x00000000cc13d228,0x00000000cc2c0000)
Event: 38.200 GC heap after
Heap after GC invocations=11 (full 0):
 PSYoungGen      total 165120K, used 64K [0x00000000f0000000, 0x0000000000000000, 0x0000000000000000)
  eden space 157056K, 0% used [0x00000000f0000000,0x00000000f0000000,0x00000000f9960000)
  from space 8064K, 0% used [0x00000000f9960000,0x00000000f9970000,0x00000000fa140000)
  to   space 8192K, 0% used [0x00000000ff800000,0x00000000ff800000,0x0000000000000000)
 ParOldGen       total 32768K, used 17589K [0x00000000d0000000, 0x00000000d2000000, 0x00000000f0000000)
  object space 32768K, 53% used [0x00000000d0000000,0x00000000d112d558,0x00000000d2000000)
 PSPermGen       total 21248K, used 19700K [0x00000000cae00000, 0x00000000cc2c0000, 0x00000000d0000000)
  object space 21248K, 92% used [0x00000000cae00000,0x00000000cc13d228,0x00000000cc2c0000)
}

Deoptimization events (10 events):
Event: 22.059 Thread 0x0000000007e3c000 Uncommon trap -34 fr.pc 0x0000000002609294
Event: 22.060 Thread 0x0000000007e3c000 Uncommon trap -42 fr.pc 0x000000000260686c
Event: 22.060 Thread 0x0000000007e3c000 Uncommon trap -42 fr.pc 0x000000000260686c
Event: 22.625 Thread 0x0000000007e3c000 Uncommon trap -12 fr.pc 0x000000000268f674
Event: 22.625 Thread 0x0000000007e3c000 Uncommon trap -83 fr.pc 0x00000000026a69cc
Event: 22.625 Thread 0x0000000007e3c000 Uncommon trap -12 fr.pc 0x00000000026c6efc
Event: 22.625 Thread 0x0000000007e3c000 Uncommon trap -12 fr.pc 0x0000000002600d28
Event: 22.663 Thread 0x0000000007e3c000 Uncommon trap -83 fr.pc 0x000000000261ced4
Event: 34.090 Thread 0x0000000007e3c000 Uncommon trap -12 fr.pc 0x000000000263cc8c
Event: 35.523 Thread 0x0000000007e25000 Uncommon trap -12 fr.pc 0x00000000026f2198

Internal exceptions (10 events):
Event: 18.020 Thread 0x0000000007e3c000 Threw 0x00000000f07f74c0 at C:\jdk7u1_64p\jdk7u5\hotspot\src\share\vm\prims\jvm.cpp:1166
Event: 20.555 Thread 0x0000000007e3c000 Threw 0x00000000f2e199b8 at C:\jdk7u1_64p\jdk7u5\hotspot\src\share\vm\prims\jvm.cpp:1166
Event: 20.773 Thread 0x0000000007e3c000 Threw 0x00000000f2fc42c8 at C:\jdk7u1_64p\jdk7u5\hotspot\src\share\vm\prims\jvm.cpp:1166
Event: 20.773 Thread 0x0000000007e3c000 Threw 0x00000000f2fc6bf0 at C:\jdk7u1_64p\jdk7u5\hotspot\src\share\vm\prims\jvm.cpp:1166
Event: 21.230 Thread 0x0000000007e3c000 Threw 0x00000000f0b29188 at C:\jdk7u1_64p\jdk7u5\hotspot\src\share\vm\prims\jvm.cpp:1166
Event: 21.230 Thread 0x0000000007e3c000 Threw 0x00000000f0b2b8e8 at C:\jdk7u1_64p\jdk7u5\hotspot\src\share\vm\prims\jvm.cpp:1166
Event: 22.590 Thread 0x0000000007e3c000 Threw 0x00000000f3170328 at C:\jdk7u1_64p\jdk7u5\hotspot\src\share\vm\prims\jvm.cpp:1166
Event: 22.663 Thread 0x0000000007e3c000 Implicit null exception at 0x000000000261c060 to 0x000000000261ceb1
Event: 34.090 Thread 0x0000000007e3c000 Implicit null exception at 0x000000000263ca18 to 0x000000000263cc81
Event: 40.176 Thread 0x0000000007e3c000 Threw 0x00000000f68a7f18 at C:\jdk7u1_64p\jdk7u5\hotspot\src\share\vm\prims\jvm.cpp:1166

Events (10 events):
Event: 35.263 Executing VM operation: ParallelGCFailedAllocation
Event: 35.268 Executing VM operation: ParallelGCFailedAllocation done
Event: 35.299 Thread 0x0000000007dc7800 flushing nmethod 0x00000000026c5f50
Event: 35.523 Thread 0x0000000007e25000 DEOPT PACKING pc=0x00000000026f2198 sp=0x0000000011e3f780
Event: 35.523 Thread 0x0000000007e25000 DEOPT UNPACKING pc=0x0000000002579164 sp=0x0000000011e3f640 mode 2
Event: 38.199 Executing VM operation: ParallelGCFailedAllocation
Event: 38.200 Executing VM operation: ParallelGCFailedAllocation done
Event: 39.400 Thread 0x0000000007dc7800 flushing nmethod 0x000000000263c610
Event: 40.175 loading class 0x00000000159cb7f0
Event: 40.175 loading class 0x00000000159cb7f0 done


Dynamic libraries:
0x000000003fe50000 - 0x000000003fe83000 	C:\Program Files\Java\jdk1.7.0_05\bin\java.exe
0x0000000077230000 - 0x00000000773d9000 	C:\Windows\SYSTEM32\ntdll.dll
0x0000000077110000 - 0x000000007722f000 	C:\Windows\system32\kernel32.dll
0x00000000fd100000 - 0x00000000fd16b000 	C:\Windows\system32\KERNELBASE.dll
0x00000000fd5e0000 - 0x00000000fd6bb000 	C:\Windows\system32\ADVAPI32.dll
0x00000000fe260000 - 0x00000000fe2ff000 	C:\Windows\system32\msvcrt.dll
0x00000000fe390000 - 0x00000000fe3af000 	C:\Windows\SYSTEM32\sechost.dll
0x00000000fdff0000 - 0x00000000fe11d000 	C:\Windows\system32\RPCRT4.dll
0x0000000077010000 - 0x000000007710a000 	C:\Windows\system32\USER32.dll
0x00000000fd450000 - 0x00000000fd4b7000 	C:\Windows\system32\GDI32.dll
0x00000000fd440000 - 0x00000000fd44e000 	C:\Windows\system32\LPK.dll
0x00000000fd510000 - 0x00000000fd5d9000 	C:\Windows\system32\USP10.dll
0x00000000fb970000 - 0x00000000fbb64000 	C:\Windows\WinSxS\amd64_microsoft.windows.common-controls_6595b64144ccf1df_6.0.7601.17514_none_fa396087175ac9ac\COMCTL32.dll
0x00000000fdaf0000 - 0x00000000fdb61000 	C:\Windows\system32\SHLWAPI.dll
0x00000000fe780000 - 0x00000000fe7ae000 	C:\Windows\system32\IMM32.DLL
0x00000000fdee0000 - 0x00000000fdfe9000 	C:\Windows\system32\MSCTF.dll
0x0000000064720000 - 0x00000000647f1000 	C:\Program Files\Java\jdk1.7.0_05\jre\bin\msvcr100.dll
0x0000000062e60000 - 0x000000006357a000 	C:\Program Files\Java\jdk1.7.0_05\jre\bin\server\jvm.dll
0x00000000f8980000 - 0x00000000f8989000 	C:\Windows\system32\WSOCK32.dll
0x00000000fd4c0000 - 0x00000000fd50d000 	C:\Windows\system32\WS2_32.dll
0x00000000fe300000 - 0x00000000fe308000 	C:\Windows\system32\NSI.dll
0x00000000f8de0000 - 0x00000000f8e1b000 	C:\Windows\system32\WINMM.dll
0x0000000077400000 - 0x0000000077407000 	C:\Windows\system32\PSAPI.DLL
0x0000000071e10000 - 0x0000000071e1f000 	C:\Program Files\Java\jdk1.7.0_05\jre\bin\verify.dll
0x0000000071de0000 - 0x0000000071e08000 	C:\Program Files\Java\jdk1.7.0_05\jre\bin\java.dll
0x0000000071db0000 - 0x0000000071dc5000 	C:\Program Files\Java\jdk1.7.0_05\jre\bin\zip.dll
0x0000000062620000 - 0x00000000627b4000 	C:\Program Files\Java\jdk1.7.0_05\jre\bin\awt.dll
0x00000000fdb70000 - 0x00000000fdc47000 	C:\Windows\system32\OLEAUT32.dll
0x00000000fe410000 - 0x00000000fe613000 	C:\Windows\system32\ole32.dll
0x00000000fb790000 - 0x00000000fb7e6000 	C:\Windows\system32\uxtheme.dll
0x0000000010000000 - 0x0000000010041000 	C:\Program Files (x86)\ATI Technologies\HydraVision\HydraDMH64.dll
0x00000000fb360000 - 0x00000000fb378000 	C:\Windows\system32\dwmapi.dll
0x00000000fcf40000 - 0x00000000fcf4f000 	C:\Windows\system32\CRYPTBASE.dll
0x00000000e3600000 - 0x00000000e37ff000 	C:\Windows\system32\d3d9.dll
0x00000000fc120000 - 0x00000000fc12c000 	C:\Windows\system32\VERSION.dll
0x00000000e9a80000 - 0x00000000e9a87000 	C:\Windows\system32\d3d8thk.dll
0x00000000f7d90000 - 0x00000000f7eae000 	C:\Windows\system32\aticfx64.dll
0x00000000ec430000 - 0x00000000ec44f000 	C:\Windows\system32\atiu9p64.dll
0x00000000ebcc0000 - 0x00000000ec358000 	C:\Windows\system32\atiumd64.dll
0x0000000074090000 - 0x000000007457a000 	C:\Windows\system32\atiumd6a.dll
0x00000000fe7b0000 - 0x00000000ff538000 	C:\Windows\system32\SHELL32.dll
0x0000000062c80000 - 0x0000000062cb4000 	C:\Program Files\Java\jdk1.7.0_05\jre\bin\fontmanager.dll
0x00000000646d0000 - 0x00000000646e9000 	C:\Program Files\Java\jdk1.7.0_05\jre\bin\net.dll
0x00000000fc880000 - 0x00000000fc8d5000 	C:\Windows\system32\mswsock.dll
0x00000000fc870000 - 0x00000000fc877000 	C:\Windows\System32\wship6.dll
0x0000000062e40000 - 0x0000000062e51000 	C:\Program Files\Java\jdk1.7.0_05\jre\bin\nio.dll
0x0000000062df0000 - 0x0000000062e31000 	C:\Program Files\Java\jdk1.7.0_05\jre\bin\t2k.dll
0x00000000fe1c0000 - 0x00000000fe259000 	C:\Windows\system32\CLBCatQ.DLL
0x0000000080000000 - 0x000000008004f000 	D:\OS_Data\Documents\Kalispera\lwjgl64.dll
0x00000000fa1c0000 - 0x00000000fa2dd000 	C:\Windows\system32\OPENGL32.dll
0x00000000fa890000 - 0x00000000fa8bd000 	C:\Windows\system32\GLU32.dll
0x00000000ec460000 - 0x00000000ec551000 	C:\Windows\system32\DDRAW.dll
0x00000000ec450000 - 0x00000000ec458000 	C:\Windows\system32\DCIMAN32.dll
0x00000000fd910000 - 0x00000000fdae7000 	C:\Windows\system32\SETUPAPI.dll
0x00000000fd3f0000 - 0x00000000fd426000 	C:\Windows\system32\CFGMGR32.dll
0x00000000fd0e0000 - 0x00000000fd0fa000 	C:\Windows\system32\DEVOBJ.dll
0x00000000fb1a0000 - 0x00000000fb1a9000 	C:\Windows\system32\atig6pxx.dll
0x000000005fd60000 - 0x0000000061443000 	C:\Windows\system32\atio6axx.dll
0x00000000f9a00000 - 0x00000000f9aa6000 	C:\Windows\system32\atiadlxx.dll
0x00000000fc310000 - 0x00000000fc32e000 	C:\Windows\system32\USERENV.dll
0x00000000fd010000 - 0x00000000fd01f000 	C:\Windows\system32\profapi.dll
0x00000000fbf70000 - 0x00000000fbf81000 	C:\Windows\system32\WTSAPI32.dll
0x00000000f9ad0000 - 0x00000000f9af7000 	C:\Windows\system32\IPHLPAPI.DLL
0x00000000f9ac0000 - 0x00000000f9acb000 	C:\Windows\system32\WINNSI.DLL
0x00000000fd220000 - 0x00000000fd25a000 	C:\Windows\system32\WINTRUST.dll
0x00000000fd260000 - 0x00000000fd3cc000 	C:\Windows\system32\CRYPT32.dll
0x00000000fd0b0000 - 0x00000000fd0bf000 	C:\Windows\system32\MSASN1.dll
0x00000000fa900000 - 0x00000000fa90e000 	C:\Windows\system32\atig6txx.dll
0x00000000ec760000 - 0x00000000ec7fc000 	C:\Windows\system32\mscms.dll
0x00000000fa730000 - 0x00000000fa772000 	C:\Windows\system32\icm32.dll
0x0000000008ce0000 - 0x0000000008d42000 	D:\OS_Data\Documents\Kalispera\OpenAL64.dll
0x00000000fb380000 - 0x00000000fb3cb000 	C:\Windows\System32\MMDevApi.dll
0x00000000fb7f0000 - 0x00000000fb91c000 	C:\Windows\System32\PROPSYS.dll
0x00000000f30a0000 - 0x00000000f3128000 	C:\Windows\system32\dsound.dll
0x00000000fad10000 - 0x00000000fad3c000 	C:\Windows\system32\POWRPROF.dll
0x00000000f3470000 - 0x00000000f34bf000 	C:\Windows\system32\AUDIOSES.DLL
0x0000000062c20000 - 0x0000000062c50000 	C:\Program Files\Java\jdk1.7.0_05\jre\bin\jpeg.dll
0x0000000062be0000 - 0x0000000062c19000 	C:\Program Files\Java\jdk1.7.0_05\jre\bin\kcms.dll

VM Arguments:
jvm_args: -Dfile.encoding=UTF-8 
java_command: test.Test
Launcher Type: SUN_STANDARD

Environment Variables:
PATH=C:\Program Files (x86)\AMD APP\bin\x86_64;C:\Program Files (x86)\AMD APP\bin\x86;C:\Program Files\Common Files\Microsoft Shared\Windows Live;C:\Program Files (x86)\Common Files\Microsoft Shared\Windows Live;C:\Windows\system32;C:\Windows;C:\Windows\System32\Wbem;C:\Windows\System32\WindowsPowerShell\v1.0\;C:\Program Files (x86)\ATI Technologies\ATI.ACE\Core-Static;C:\Program Files (x86)\Windows Live\Shared;C:\Program Files (x86)\Calibre2\;C:\Program Files (x86)\Microsoft SQL Server\100\Tools\Binn\;C:\Program Files (x86)\Microsoft SQL Server\100\DTS\Binn\;C:\Program Files (x86)\Microsoft SQL Server\100\Tools\Binn\VSShell\Common7\IDE\;C:\Program Files (x86)\Common Files\MDL SHARED\ISIS
USERNAME=Johna
OS=Windows_NT
PROCESSOR_IDENTIFIER=Intel64 Family 6 Model 15 Stepping 6, GenuineIntel



---------------  S Y S T E M  ---------------

OS: Windows 7 , 64 bit Build 7601 Service Pack 1

CPU:total 2 (2 cores per cpu, 1 threads per core) family 6 model 15 stepping 6, cmov, cx8, fxsr, mmx, sse, sse2, sse3, ssse3, tsc

Memory: 4k page, physical 3145272k(725352k free), swap 7337712k(248752k free)

vm_info: Java HotSpot(TM) 64-Bit Server VM (23.1-b03) for windows-amd64 JRE (1.7.0_05-b05), built on May 15 2012 18:09:30 by "java_re" with unknown MS VC++:1600

time: Fri Oct 18 02:41:34 2013
elapsed time: 40 seconds

